# JRE version: OpenJDK Runtime Environment (11.0.11+9) (build 11.0.11+9-b60-7590822)
# Java VM: OpenJDK 64-Bit Server VM (11.0.11+9-b60-7590822, mixed mode, tiered, compressed oops, g1 gc, windows-amd64)
Heap:
 garbage-first heap   total 471040K, used 200186K [0x0000000080000000, 0x0000000100000000)
  region size 1024K, 24 young (24576K), 19 survivors (19456K)
 Metaspace       used 112203K, capacity 115200K, committed 115544K, reserved 1150976K
  class space    used 13432K, capacity 14389K, committed 14464K, reserved 1048576K
GC Heap History (20 events):
Event: 311.692 GC heap after
{Heap after GC invocations=97 (full 0):
 garbage-first heap   total 471040K, used 160512K [0x0000000080000000, 0x0000000100000000)
  region size 1024K, 3 young (3072K), 3 survivors (3072K)
 Metaspace       used 111429K, capacity 114352K, committed 114776K, reserved 1148928K
  class space    used 13401K, capacity 14337K, committed 14464K, reserved 1048576K
}
Event: 312.335 GC heap before
{Heap before GC invocations=97 (full 0):
 garbage-first heap   total 471040K, used 371456K [0x0000000080000000, 0x0000000100000000)
  region size 1024K, 200 young (204800K), 3 survivors (3072K)
 Metaspace       used 111453K, capacity 114352K, committed 114776K, reserved 1148928K
  class space    used 13401K, capacity 14337K, committed 14464K, reserved 1048576K
}
Event: 312.349 GC heap after
{Heap after GC invocations=98 (full 0):
 garbage-first heap   total 471040K, used 177654K [0x0000000080000000, 0x0000000100000000)
  region size 1024K, 10 young (10240K), 10 survivors (10240K)
 Metaspace       used 111453K, capacity 114352K, committed 114776K, reserved 1148928K
  class space    used 13401K, capacity 14337K, committed 14464K, reserved 1048576K
}
Event: 312.988 GC heap before
{Heap before GC invocations=98 (full 0):
 garbage-first heap   total 471040K, used 375286K [0x0000000080000000, 0x0000000100000000)
  region size 1024K, 201 young (205824K), 10 survivors (10240K)
 Metaspace       used 111467K, capacity 114352K, committed 114776K, reserved 1148928K
  class space    used 13401K, capacity 14337K, committed 14464K, reserved 1048576K
}
Event: 313.000 GC heap after
{Heap after GC invocations=99 (full 0):
 garbage-first heap   total 471040K, used 165446K [0x0000000080000000, 0x0000000100000000)
  region size 1024K, 6 young (6144K), 6 survivors (6144K)
 Metaspace       used 111467K, capacity 114352K, committed 114776K, reserved 1148928K
  class space    used 13401K, capacity 14337K, committed 14464K, reserved 1048576K
}
Event: 313.667 GC heap before
{Heap before GC invocations=99 (full 0):
 garbage-first heap   total 471040K, used 377414K [0x0000000080000000, 0x0000000100000000)
  region size 1024K, 213 young (218112K), 6 survivors (6144K)
 Metaspace       used 111468K, capacity 114352K, committed 114776K, reserved 1148928K
  class space    used 13402K, capacity 14337K, committed 14464K, reserved 1048576K
}
Event: 313.678 GC heap after
{Heap after GC invocations=100 (full 0):
 garbage-first heap   total 471040K, used 166829K [0x0000000080000000, 0x0000000100000000)
  region size 1024K, 7 young (7168K), 7 survivors (7168K)
 Metaspace       used 111468K, capacity 114352K, committed 114776K, reserved 1148928K
  class space    used 13402K, capacity 14337K, committed 14464K, reserved 1048576K
}
Event: 314.344 GC heap before
{Heap before GC invocations=100 (full 0):
 garbage-first heap   total 471040K, used 383917K [0x0000000080000000, 0x0000000100000000)
  region size 1024K, 219 young (224256K), 7 survivors (7168K)
 Metaspace       used 111468K, capacity 114352K, committed 114776K, reserved 1148928K
  class space    used 13402K, capacity 14337K, committed 14464K, reserved 1048576K
}
Event: 314.356 GC heap after
{Heap after GC invocations=101 (full 0):
 garbage-first heap   total 471040K, used 167762K [0x0000000080000000, 0x0000000100000000)
  region size 1024K, 8 young (8192K), 8 survivors (8192K)
 Metaspace       used 111468K, capacity 114352K, committed 114776K, reserved 1148928K
  class space    used 13402K, capacity 14337K, committed 14464K, reserved 1048576K
}
Event: 315.059 GC heap before
{Heap before GC invocations=101 (full 0):
 garbage-first heap   total 471040K, used 388946K [0x0000000080000000, 0x0000000100000000)
  region size 1024K, 224 young (229376K), 8 survivors (8192K)
 Metaspace       used 111470K, capacity 114352K, committed 114776K, reserved 1148928K
  class space    used 13402K, capacity 14337K, committed 14464K, reserved 1048576K
}
Event: 315.072 GC heap after
{Heap after GC invocations=102 (full 0):
 garbage-first heap   total 471040K, used 168960K [0x0000000080000000, 0x0000000100000000)
  region size 1024K, 9 young (9216K), 9 survivors (9216K)
 Metaspace       used 111470K, capacity 114352K, committed 114776K, reserved 1148928K
  class space    used 13402K, capacity 14337K, committed 14464K, reserved 1048576K
}
Event: 315.613 GC heap before
{Heap before GC invocations=102 (full 0):
 garbage-first heap   total 471040K, used 393216K [0x0000000080000000, 0x0000000100000000)
  region size 1024K, 228 young (233472K), 9 survivors (9216K)
 Metaspace       used 111470K, capacity 114352K, committed 114776K, reserved 1148928K
  class space    used 13402K, capacity 14337K, committed 14464K, reserved 1048576K
}
Event: 315.629 GC heap after
{Heap after GC invocations=103 (full 0):
 garbage-first heap   total 471040K, used 169984K [0x0000000080000000, 0x0000000100000000)
  region size 1024K, 10 young (10240K), 10 survivors (10240K)
 Metaspace       used 111470K, capacity 114352K, committed 114776K, reserved 1148928K
  class space    used 13402K, capacity 14337K, committed 14464K, reserved 1048576K
}
Event: 316.155 GC heap before
{Heap before GC invocations=103 (full 0):
 garbage-first heap   total 471040K, used 396288K [0x0000000080000000, 0x0000000100000000)
  region size 1024K, 231 young (236544K), 10 survivors (10240K)
 Metaspace       used 111470K, capacity 114352K, committed 114776K, reserved 1148928K
  class space    used 13402K, capacity 14337K, committed 14464K, reserved 1048576K
}
Event: 316.173 GC heap after
{Heap after GC invocations=104 (full 0):
 garbage-first heap   total 471040K, used 174080K [0x0000000080000000, 0x0000000100000000)
  region size 1024K, 14 young (14336K), 14 survivors (14336K)
 Metaspace       used 111470K, capacity 114352K, committed 114776K, reserved 1148928K
  class space    used 13402K, capacity 14337K, committed 14464K, reserved 1048576K
}
Event: 317.327 GC heap before
{Heap before GC invocations=104 (full 0):
 garbage-first heap   total 471040K, used 398336K [0x0000000080000000, 0x0000000100000000)
  region size 1024K, 234 young (239616K), 14 survivors (14336K)
 Metaspace       used 111473K, capacity 114416K, committed 114776K, reserved 1148928K
  class space    used 13402K, capacity 14337K, committed 14464K, reserved 1048576K
}
Event: 317.345 GC heap after
{Heap after GC invocations=105 (full 0):
 garbage-first heap   total 471040K, used 176128K [0x0000000080000000, 0x0000000100000000)
  region size 1024K, 16 young (16384K), 16 survivors (16384K)
 Metaspace       used 111473K, capacity 114416K, committed 114776K, reserved 1148928K
  class space    used 13402K, capacity 14337K, committed 14464K, reserved 1048576K
}
Event: 319.219 GC heap before
{Heap before GC invocations=105 (full 0):
 garbage-first heap   total 471040K, used 399360K [0x0000000080000000, 0x0000000100000000)
  region size 1024K, 235 young (240640K), 16 survivors (16384K)
 Metaspace       used 111554K, capacity 114431K, committed 114776K, reserved 1148928K
  class space    used 13403K, capacity 14340K, committed 14464K, reserved 1048576K
}
Event: 319.255 GC heap after
{Heap after GC invocations=106 (full 0):
 garbage-first heap   total 471040K, used 185344K [0x0000000080000000, 0x0000000100000000)
  region size 1024K, 25 young (25600K), 25 survivors (25600K)
 Metaspace       used 111554K, capacity 114431K, committed 114776K, reserved 1148928K
  class space    used 13403K, capacity 14340K, committed 14464K, reserved 1048576K
}
Event: 578.998 GC heap before
{Heap before GC invocations=106 (full 0):
 garbage-first heap   total 471040K, used 414719K [0x0000000080000000, 0x0000000100000000)
  region size 1024K, 228 young (233472K), 25 survivors (25600K)
 Metaspace       used 112203K, capacity 115200K, committed 115544K, reserved 1150976K
  class space    used 13432K, capacity 14389K, committed 14464K, reserved 1048576K
}

