# JRE version: OpenJDK Runtime Environment (11.0.11+9) (build 11.0.11+9-b60-7590822)
# Java VM: OpenJDK 64-Bit Server VM (11.0.11+9-b60-7590822, mixed mode, tiered, compressed oops, g1 gc, windows-amd64)
Heap:
 garbage-first heap   total 232448K, used 97505K [0x0000000080000000, 0x0000000100000000)
  region size 1024K, 3 young (3072K), 3 survivors (3072K)
 Metaspace       used 79470K, capacity 81358K, committed 82040K, reserved 1120256K
  class space    used 10167K, capacity 10852K, committed 11128K, reserved 1048576K
GC Heap History (20 events):
Event: 18.390 GC heap after
{Heap after GC invocations=24 (full 0):
 garbage-first heap   total 187392K, used 90370K [0x0000000080000000, 0x0000000100000000)
  region size 1024K, 2 young (2048K), 2 survivors (2048K)
 Metaspace       used 79407K, capacity 81541K, committed 81784K, reserved 1120256K
  class space    used 10243K, capacity 10999K, committed 11128K, reserved 1048576K
}
Event: 18.698 GC heap before
{Heap before GC invocations=24 (full 0):
 garbage-first heap   total 187392K, used 154882K [0x0000000080000000, 0x0000000100000000)
  region size 1024K, 65 young (66560K), 2 survivors (2048K)
 Metaspace       used 79453K, capacity 81546K, committed 81784K, reserved 1120256K
  class space    used 10247K, capacity 10999K, committed 11128K, reserved 1048576K
}
Event: 18.704 GC heap after
{Heap after GC invocations=25 (full 0):
 garbage-first heap   total 187392K, used 90647K [0x0000000080000000, 0x0000000100000000)
  region size 1024K, 2 young (2048K), 2 survivors (2048K)
 Metaspace       used 79453K, capacity 81546K, committed 81784K, reserved 1120256K
  class space    used 10247K, capacity 10999K, committed 11128K, reserved 1048576K
}
Event: 19.226 GC heap before
{Heap before GC invocations=26 (full 0):
 garbage-first heap   total 187392K, used 156183K [0x0000000080000000, 0x0000000100000000)
  region size 1024K, 66 young (67584K), 2 survivors (2048K)
 Metaspace       used 79206K, capacity 81128K, committed 81784K, reserved 1120256K
  class space    used 10165K, capacity 10849K, committed 11128K, reserved 1048576K
}
Event: 19.230 GC heap after
{Heap after GC invocations=27 (full 0):
 garbage-first heap   total 187392K, used 90494K [0x0000000080000000, 0x0000000100000000)
  region size 1024K, 2 young (2048K), 2 survivors (2048K)
 Metaspace       used 79206K, capacity 81128K, committed 81784K, reserved 1120256K
  class space    used 10165K, capacity 10849K, committed 11128K, reserved 1048576K
}
Event: 19.597 GC heap before
{Heap before GC invocations=27 (full 0):
 garbage-first heap   total 187392K, used 158078K [0x0000000080000000, 0x0000000100000000)
  region size 1024K, 68 young (69632K), 2 survivors (2048K)
 Metaspace       used 79227K, capacity 81130K, committed 81784K, reserved 1120256K
  class space    used 10165K, capacity 10849K, committed 11128K, reserved 1048576K
}
Event: 19.604 GC heap after
{Heap after GC invocations=28 (full 0):
 garbage-first heap   total 187392K, used 91669K [0x0000000080000000, 0x0000000100000000)
  region size 1024K, 3 young (3072K), 3 survivors (3072K)
 Metaspace       used 79227K, capacity 81130K, committed 81784K, reserved 1120256K
  class space    used 10165K, capacity 10849K, committed 11128K, reserved 1048576K
}
Event: 20.250 GC heap before
{Heap before GC invocations=29 (full 0):
 garbage-first heap   total 187392K, used 159253K [0x0000000080000000, 0x0000000100000000)
  region size 1024K, 69 young (70656K), 3 survivors (3072K)
 Metaspace       used 79275K, capacity 81204K, committed 81784K, reserved 1120256K
  class space    used 10165K, capacity 10850K, committed 11128K, reserved 1048576K
}
Event: 20.255 GC heap after
{Heap after GC invocations=30 (full 0):
 garbage-first heap   total 187392K, used 91823K [0x0000000080000000, 0x0000000100000000)
  region size 1024K, 3 young (3072K), 3 survivors (3072K)
 Metaspace       used 79275K, capacity 81204K, committed 81784K, reserved 1120256K
  class space    used 10165K, capacity 10850K, committed 11128K, reserved 1048576K
}
Event: 20.662 GC heap before
{Heap before GC invocations=30 (full 0):
 garbage-first heap   total 187392K, used 159407K [0x0000000080000000, 0x0000000100000000)
  region size 1024K, 69 young (70656K), 3 survivors (3072K)
 Metaspace       used 79282K, capacity 81205K, committed 81784K, reserved 1120256K
  class space    used 10165K, capacity 10850K, committed 11128K, reserved 1048576K
}
Event: 20.681 GC heap after
{Heap after GC invocations=31 (full 0):
 garbage-first heap   total 187392K, used 91743K [0x0000000080000000, 0x0000000100000000)
  region size 1024K, 3 young (3072K), 3 survivors (3072K)
 Metaspace       used 79282K, capacity 81205K, committed 81784K, reserved 1120256K
  class space    used 10165K, capacity 10850K, committed 11128K, reserved 1048576K
}
Event: 21.142 GC heap before
{Heap before GC invocations=32 (full 0):
 garbage-first heap   total 187392K, used 160351K [0x0000000080000000, 0x0000000100000000)
  region size 1024K, 70 young (71680K), 3 survivors (3072K)
 Metaspace       used 79303K, capacity 81205K, committed 81784K, reserved 1120256K
  class space    used 10165K, capacity 10850K, committed 11128K, reserved 1048576K
}
Event: 21.148 GC heap after
{Heap after GC invocations=33 (full 0):
 garbage-first heap   total 187392K, used 92086K [0x0000000080000000, 0x0000000100000000)
  region size 1024K, 3 young (3072K), 3 survivors (3072K)
 Metaspace       used 79303K, capacity 81205K, committed 81784K, reserved 1120256K
  class space    used 10165K, capacity 10850K, committed 11128K, reserved 1048576K
}
Event: 21.421 GC heap before
{Heap before GC invocations=33 (full 0):
 garbage-first heap   total 187392K, used 159670K [0x0000000080000000, 0x0000000100000000)
  region size 1024K, 70 young (71680K), 3 survivors (3072K)
 Metaspace       used 79313K, capacity 81207K, committed 81784K, reserved 1120256K
  class space    used 10165K, capacity 10850K, committed 11128K, reserved 1048576K
}
Event: 21.439 GC heap after
{Heap after GC invocations=34 (full 0):
 garbage-first heap   total 187392K, used 97753K [0x0000000080000000, 0x0000000100000000)
  region size 1024K, 9 young (9216K), 9 survivors (9216K)
 Metaspace       used 79313K, capacity 81207K, committed 81784K, reserved 1120256K
  class space    used 10165K, capacity 10850K, committed 11128K, reserved 1048576K
}
Event: 21.766 GC heap before
{Heap before GC invocations=35 (full 0):
 garbage-first heap   total 187392K, used 157145K [0x0000000080000000, 0x0000000100000000)
  region size 1024K, 68 young (69632K), 9 survivors (9216K)
 Metaspace       used 79347K, capacity 81279K, committed 82040K, reserved 1120256K
  class space    used 10166K, capacity 10851K, committed 11128K, reserved 1048576K
}
Event: 21.776 GC heap after
{Heap after GC invocations=36 (full 0):
 garbage-first heap   total 187392K, used 96751K [0x0000000080000000, 0x0000000100000000)
  region size 1024K, 2 young (2048K), 2 survivors (2048K)
 Metaspace       used 79347K, capacity 81279K, committed 82040K, reserved 1120256K
  class space    used 10166K, capacity 10851K, committed 11128K, reserved 1048576K
}
Event: 22.088 GC heap before
{Heap before GC invocations=36 (full 0):
 garbage-first heap   total 187392K, used 158191K [0x0000000080000000, 0x0000000100000000)
  region size 1024K, 63 young (64512K), 2 survivors (2048K)
 Metaspace       used 79447K, capacity 81357K, committed 82040K, reserved 1120256K
  class space    used 10167K, capacity 10852K, committed 11128K, reserved 1048576K
}
Event: 22.099 GC heap after
{Heap after GC invocations=37 (full 0):
 garbage-first heap   total 187392K, used 97203K [0x0000000080000000, 0x0000000100000000)
  region size 1024K, 3 young (3072K), 3 survivors (3072K)
 Metaspace       used 79447K, capacity 81357K, committed 82040K, reserved 1120256K
  class space    used 10167K, capacity 10852K, committed 11128K, reserved 1048576K
}
Event: 22.491 GC heap before
{Heap before GC invocations=38 (full 0):
 garbage-first heap   total 187392K, used 158643K [0x0000000080000000, 0x0000000100000000)
  region size 1024K, 64 young (65536K), 3 survivors (3072K)
 Metaspace       used 79470K, capacity 81358K, committed 82040K, reserved 1120256K
  class space    used 10167K, capacity 10852K, committed 11128K, reserved 1048576K
}

