# JRE version: OpenJDK Runtime Environment (11.0.11+9) (build 11.0.11+9-b60-7590822)
# Java VM: OpenJDK 64-Bit Server VM (11.0.11+9-b60-7590822, mixed mode, tiered, compressed oops, g1 gc, windows-amd64)
Heap:
 garbage-first heap   total 324608K, used 231174K [0x0000000080000000, 0x0000000100000000)
  region size 1024K, 75 young (76800K), 19 survivors (19456K)
 Metaspace       used 101096K, capacity 103696K, committed 103884K, reserved 1140736K
  class space    used 12460K, capacity 13404K, committed 13516K, reserved 1048576K
GC Heap History (20 events):
Event: 47.285 GC heap before
{Heap before GC invocations=62 (full 0):
 garbage-first heap   total 270336K, used 232351K [0x0000000080000000, 0x0000000100000000)
  region size 1024K, 125 young (128000K), 6 survivors (6144K)
 Metaspace       used 98540K, capacity 101054K, committed 101196K, reserved 1136640K
  class space    used 12199K, capacity 13082K, committed 13132K, reserved 1048576K
}
Event: 47.295 GC heap after
{Heap after GC invocations=63 (full 0):
 garbage-first heap   total 270336K, used 111045K [0x0000000080000000, 0x0000000100000000)
  region size 1024K, 7 young (7168K), 7 survivors (7168K)
 Metaspace       used 98540K, capacity 101054K, committed 101196K, reserved 1136640K
  class space    used 12199K, capacity 13082K, committed 13132K, reserved 1048576K
}
Event: 47.680 GC heap before
{Heap before GC invocations=63 (full 0):
 garbage-first heap   total 270336K, used 232901K [0x0000000080000000, 0x0000000100000000)
  region size 1024K, 126 young (129024K), 7 survivors (7168K)
 Metaspace       used 98543K, capacity 101055K, committed 101196K, reserved 1136640K
  class space    used 12199K, capacity 13082K, committed 13132K, reserved 1048576K
}
Event: 47.687 GC heap after
{Heap after GC invocations=64 (full 0):
 garbage-first heap   total 270336K, used 111805K [0x0000000080000000, 0x0000000100000000)
  region size 1024K, 7 young (7168K), 7 survivors (7168K)
 Metaspace       used 98543K, capacity 101055K, committed 101196K, reserved 1136640K
  class space    used 12199K, capacity 13082K, committed 13132K, reserved 1048576K
}
Event: 48.078 GC heap before
{Heap before GC invocations=64 (full 0):
 garbage-first heap   total 270336K, used 234685K [0x0000000080000000, 0x0000000100000000)
  region size 1024K, 127 young (130048K), 7 survivors (7168K)
 Metaspace       used 98544K, capacity 101056K, committed 101196K, reserved 1136640K
  class space    used 12199K, capacity 13082K, committed 13132K, reserved 1048576K
}
Event: 48.088 GC heap after
{Heap after GC invocations=65 (full 0):
 garbage-first heap   total 270336K, used 113777K [0x0000000080000000, 0x0000000100000000)
  region size 1024K, 9 young (9216K), 9 survivors (9216K)
 Metaspace       used 98544K, capacity 101056K, committed 101196K, reserved 1136640K
  class space    used 12199K, capacity 13082K, committed 13132K, reserved 1048576K
}
Event: 48.445 GC heap before
{Heap before GC invocations=65 (full 0):
 garbage-first heap   total 270336K, used 232561K [0x0000000080000000, 0x0000000100000000)
  region size 1024K, 125 young (128000K), 9 survivors (9216K)
 Metaspace       used 98551K, capacity 101058K, committed 101196K, reserved 1136640K
  class space    used 12199K, capacity 13082K, committed 13132K, reserved 1048576K
}
Event: 48.455 GC heap after
{Heap after GC invocations=66 (full 0):
 garbage-first heap   total 270336K, used 112722K [0x0000000080000000, 0x0000000100000000)
  region size 1024K, 8 young (8192K), 8 survivors (8192K)
 Metaspace       used 98551K, capacity 101058K, committed 101196K, reserved 1136640K
  class space    used 12199K, capacity 13082K, committed 13132K, reserved 1048576K
}
Event: 48.926 GC heap before
{Heap before GC invocations=66 (full 0):
 garbage-first heap   total 270336K, used 233554K [0x0000000080000000, 0x0000000100000000)
  region size 1024K, 126 young (129024K), 8 survivors (8192K)
 Metaspace       used 98623K, capacity 101128K, committed 101196K, reserved 1136640K
  class space    used 12213K, capacity 13084K, committed 13132K, reserved 1048576K
}
Event: 48.934 GC heap after
{Heap after GC invocations=67 (full 0):
 garbage-first heap   total 270336K, used 113349K [0x0000000080000000, 0x0000000100000000)
  region size 1024K, 8 young (8192K), 8 survivors (8192K)
 Metaspace       used 98623K, capacity 101128K, committed 101196K, reserved 1136640K
  class space    used 12213K, capacity 13084K, committed 13132K, reserved 1048576K
}
Event: 49.251 GC heap before
{Heap before GC invocations=67 (full 0):
 garbage-first heap   total 270336K, used 234181K [0x0000000080000000, 0x0000000100000000)
  region size 1024K, 126 young (129024K), 8 survivors (8192K)
 Metaspace       used 98624K, capacity 101128K, committed 101196K, reserved 1136640K
  class space    used 12213K, capacity 13084K, committed 13132K, reserved 1048576K
}
Event: 49.260 GC heap after
{Heap after GC invocations=68 (full 0):
 garbage-first heap   total 270336K, used 113722K [0x0000000080000000, 0x0000000100000000)
  region size 1024K, 9 young (9216K), 9 survivors (9216K)
 Metaspace       used 98624K, capacity 101128K, committed 101196K, reserved 1136640K
  class space    used 12213K, capacity 13084K, committed 13132K, reserved 1048576K
}
Event: 49.665 GC heap before
{Heap before GC invocations=68 (full 0):
 garbage-first heap   total 270336K, used 232506K [0x0000000080000000, 0x0000000100000000)
  region size 1024K, 125 young (128000K), 9 survivors (9216K)
 Metaspace       used 98632K, capacity 101128K, committed 101196K, reserved 1136640K
  class space    used 12213K, capacity 13084K, committed 13132K, reserved 1048576K
}
Event: 49.676 GC heap after
{Heap after GC invocations=69 (full 0):
 garbage-first heap   total 324608K, used 114117K [0x0000000080000000, 0x0000000100000000)
  region size 1024K, 9 young (9216K), 9 survivors (9216K)
 Metaspace       used 98632K, capacity 101128K, committed 101196K, reserved 1136640K
  class space    used 12213K, capacity 13084K, committed 13132K, reserved 1048576K
}
Event: 51.168 GC heap before
{Heap before GC invocations=69 (full 0):
 garbage-first heap   total 324608K, used 263621K [0x0000000080000000, 0x0000000100000000)
  region size 1024K, 156 young (159744K), 9 survivors (9216K)
 Metaspace       used 98932K, capacity 101445K, committed 101708K, reserved 1138688K
  class space    used 12213K, capacity 13084K, committed 13132K, reserved 1048576K
}
Event: 51.179 GC heap after
{Heap after GC invocations=70 (full 0):
 garbage-first heap   total 324608K, used 116961K [0x0000000080000000, 0x0000000100000000)
  region size 1024K, 11 young (11264K), 11 survivors (11264K)
 Metaspace       used 98932K, capacity 101445K, committed 101708K, reserved 1138688K
  class space    used 12213K, capacity 13084K, committed 13132K, reserved 1048576K
}
Event: 53.430 GC heap before
{Heap before GC invocations=70 (full 0):
 garbage-first heap   total 324608K, used 268513K [0x0000000080000000, 0x0000000100000000)
  region size 1024K, 158 young (161792K), 11 survivors (11264K)
 Metaspace       used 99966K, capacity 102539K, committed 102604K, reserved 1138688K
  class space    used 12335K, capacity 13224K, committed 13260K, reserved 1048576K
}
Event: 53.452 GC heap after
{Heap after GC invocations=71 (full 0):
 garbage-first heap   total 324608K, used 131876K [0x0000000080000000, 0x0000000100000000)
  region size 1024K, 20 young (20480K), 20 survivors (20480K)
 Metaspace       used 99966K, capacity 102539K, committed 102604K, reserved 1138688K
  class space    used 12335K, capacity 13224K, committed 13260K, reserved 1048576K
}
Event: 54.475 GC heap before
{Heap before GC invocations=71 (full 0):
 garbage-first heap   total 324608K, used 269092K [0x0000000080000000, 0x0000000100000000)
  region size 1024K, 147 young (150528K), 20 survivors (20480K)
 Metaspace       used 100149K, capacity 102687K, committed 102860K, reserved 1138688K
  class space    used 12339K, capacity 13227K, committed 13260K, reserved 1048576K
}
Event: 54.531 GC heap after
{Heap after GC invocations=72 (full 0):
 garbage-first heap   total 324608K, used 155398K [0x0000000080000000, 0x0000000100000000)
  region size 1024K, 19 young (19456K), 19 survivors (19456K)
 Metaspace       used 100149K, capacity 102687K, committed 102860K, reserved 1138688K
  class space    used 12339K, capacity 13227K, committed 13260K, reserved 1048576K
}

