# JRE version: OpenJDK Runtime Environment (11.0.11+9) (build 11.0.11+9-b60-7590822)
# Java VM: OpenJDK 64-Bit Server VM (11.0.11+9-b60-7590822, mixed mode, tiered, compressed oops, g1 gc, windows-amd64)
Heap:
 garbage-first heap   total 712704K, used 211392K [0x0000000080000000, 0x0000000100000000)
  region size 1024K, 8 young (8192K), 8 survivors (8192K)
 Metaspace       used 103685K, capacity 106091K, committed 106316K, reserved 1142784K
  class space    used 12528K, capacity 13364K, committed 13440K, reserved 1048576K
GC Heap History (20 events):
Event: 65.451 GC heap after
{Heap after GC invocations=59 (full 0):
 garbage-first heap   total 285696K, used 150011K [0x0000000080000000, 0x0000000100000000)
  region size 1024K, 5 young (5120K), 5 survivors (5120K)
 Metaspace       used 102386K, capacity 104742K, committed 104908K, reserved 1140736K
  class space    used 12422K, capacity 13258K, committed 13312K, reserved 1048576K
}
Event: 65.765 GC heap before
{Heap before GC invocations=59 (full 0):
 garbage-first heap   total 285696K, used 230907K [0x0000000080000000, 0x0000000100000000)
  region size 1024K, 84 young (86016K), 5 survivors (5120K)
 Metaspace       used 102506K, capacity 104839K, committed 104908K, reserved 1140736K
  class space    used 12426K, capacity 13259K, committed 13312K, reserved 1048576K
}
Event: 65.772 GC heap after
{Heap after GC invocations=60 (full 0):
 garbage-first heap   total 285696K, used 149744K [0x0000000080000000, 0x0000000100000000)
  region size 1024K, 5 young (5120K), 5 survivors (5120K)
 Metaspace       used 102506K, capacity 104839K, committed 104908K, reserved 1140736K
  class space    used 12426K, capacity 13259K, committed 13312K, reserved 1048576K
}
Event: 66.075 GC heap before
{Heap before GC invocations=60 (full 0):
 garbage-first heap   total 285696K, used 231664K [0x0000000080000000, 0x0000000100000000)
  region size 1024K, 85 young (87040K), 5 survivors (5120K)
 Metaspace       used 102518K, capacity 104904K, committed 105164K, reserved 1140736K
  class space    used 12426K, capacity 13259K, committed 13312K, reserved 1048576K
}
Event: 66.082 GC heap after
{Heap after GC invocations=61 (full 0):
 garbage-first heap   total 285696K, used 150338K [0x0000000080000000, 0x0000000100000000)
  region size 1024K, 6 young (6144K), 6 survivors (6144K)
 Metaspace       used 102518K, capacity 104904K, committed 105164K, reserved 1140736K
  class space    used 12426K, capacity 13259K, committed 13312K, reserved 1048576K
}
Event: 66.478 GC heap before
{Heap before GC invocations=61 (full 0):
 garbage-first heap   total 285696K, used 233282K [0x0000000080000000, 0x0000000100000000)
  region size 1024K, 87 young (89088K), 6 survivors (6144K)
 Metaspace       used 102527K, capacity 104904K, committed 105164K, reserved 1140736K
  class space    used 12426K, capacity 13259K, committed 13312K, reserved 1048576K
}
Event: 66.487 GC heap after
{Heap after GC invocations=62 (full 0):
 garbage-first heap   total 285696K, used 151146K [0x0000000080000000, 0x0000000100000000)
  region size 1024K, 6 young (6144K), 6 survivors (6144K)
 Metaspace       used 102527K, capacity 104904K, committed 105164K, reserved 1140736K
  class space    used 12426K, capacity 13259K, committed 13312K, reserved 1048576K
}
Event: 66.935 GC heap before
{Heap before GC invocations=62 (full 0):
 garbage-first heap   total 285696K, used 239210K [0x0000000080000000, 0x0000000100000000)
  region size 1024K, 92 young (94208K), 6 survivors (6144K)
 Metaspace       used 102535K, capacity 104904K, committed 105164K, reserved 1140736K
  class space    used 12426K, capacity 13259K, committed 13312K, reserved 1048576K
}
Event: 66.943 GC heap after
{Heap after GC invocations=63 (full 0):
 garbage-first heap   total 285696K, used 152170K [0x0000000080000000, 0x0000000100000000)
  region size 1024K, 7 young (7168K), 7 survivors (7168K)
 Metaspace       used 102535K, capacity 104904K, committed 105164K, reserved 1140736K
  class space    used 12426K, capacity 13259K, committed 13312K, reserved 1048576K
}
Event: 67.286 GC heap before
{Heap before GC invocations=63 (full 0):
 garbage-first heap   total 285696K, used 240234K [0x0000000080000000, 0x0000000100000000)
  region size 1024K, 93 young (95232K), 7 survivors (7168K)
 Metaspace       used 102548K, capacity 104968K, committed 105164K, reserved 1140736K
  class space    used 12426K, capacity 13259K, committed 13312K, reserved 1048576K
}
Event: 67.296 GC heap after
{Heap after GC invocations=64 (full 0):
 garbage-first heap   total 285696K, used 153193K [0x0000000080000000, 0x0000000100000000)
  region size 1024K, 6 young (6144K), 6 survivors (6144K)
 Metaspace       used 102548K, capacity 104968K, committed 105164K, reserved 1140736K
  class space    used 12426K, capacity 13259K, committed 13312K, reserved 1048576K
}
Event: 68.478 GC heap before
{Heap before GC invocations=64 (full 0):
 garbage-first heap   total 285696K, used 244329K [0x0000000080000000, 0x0000000100000000)
  region size 1024K, 93 young (95232K), 6 survivors (6144K)
 Metaspace       used 103070K, capacity 105482K, committed 105804K, reserved 1142784K
  class space    used 12487K, capacity 13314K, committed 13440K, reserved 1048576K
}
Event: 68.552 GC heap after
{Heap after GC invocations=65 (full 0):
 garbage-first heap   total 365568K, used 158003K [0x0000000080000000, 0x0000000100000000)
  region size 1024K, 9 young (9216K), 9 survivors (9216K)
 Metaspace       used 103070K, capacity 105482K, committed 105804K, reserved 1142784K
  class space    used 12487K, capacity 13314K, committed 13440K, reserved 1048576K
}
Event: 69.448 GC heap before
{Heap before GC invocations=65 (full 0):
 garbage-first heap   total 365568K, used 296243K [0x0000000080000000, 0x0000000100000000)
  region size 1024K, 141 young (144384K), 9 survivors (9216K)
 Metaspace       used 103634K, capacity 106090K, committed 106316K, reserved 1142784K
  class space    used 12527K, capacity 13364K, committed 13440K, reserved 1048576K
}
Event: 69.560 GC heap after
{Heap after GC invocations=66 (full 0):
 garbage-first heap   total 365568K, used 192808K [0x0000000080000000, 0x0000000100000000)
  region size 1024K, 18 young (18432K), 18 survivors (18432K)
 Metaspace       used 103634K, capacity 106090K, committed 106316K, reserved 1142784K
  class space    used 12527K, capacity 13364K, committed 13440K, reserved 1048576K
}
Event: 70.356 GC heap before
{Heap before GC invocations=66 (full 0):
 garbage-first heap   total 365568K, used 288040K [0x0000000080000000, 0x0000000100000000)
  region size 1024K, 110 young (112640K), 18 survivors (18432K)
 Metaspace       used 103650K, capacity 106090K, committed 106316K, reserved 1142784K
  class space    used 12527K, capacity 13364K, committed 13440K, reserved 1048576K
}
Event: 70.405 GC heap after
{Heap after GC invocations=67 (full 0):
 garbage-first heap   total 365568K, used 201728K [0x0000000080000000, 0x0000000100000000)
  region size 1024K, 7 young (7168K), 7 survivors (7168K)
 Metaspace       used 103650K, capacity 106090K, committed 106316K, reserved 1142784K
  class space    used 12527K, capacity 13364K, committed 13440K, reserved 1048576K
}
Event: 70.988 GC heap before
{Heap before GC invocations=67 (full 0):
 garbage-first heap   total 365568K, used 295936K [0x0000000080000000, 0x0000000100000000)
  region size 1024K, 98 young (100352K), 7 survivors (7168K)
 Metaspace       used 103662K, capacity 106091K, committed 106316K, reserved 1142784K
  class space    used 12528K, capacity 13364K, committed 13440K, reserved 1048576K
}
Event: 71.008 GC heap after
{Heap after GC invocations=68 (full 0):
 garbage-first heap   total 365568K, used 202692K [0x0000000080000000, 0x0000000100000000)
  region size 1024K, 6 young (6144K), 6 survivors (6144K)
 Metaspace       used 103662K, capacity 106091K, committed 106316K, reserved 1142784K
  class space    used 12528K, capacity 13364K, committed 13440K, reserved 1048576K
}
Event: 71.396 GC heap before
{Heap before GC invocations=68 (full 0):
 garbage-first heap   total 365568K, used 303044K [0x0000000080000000, 0x0000000100000000)
  region size 1024K, 99 young (101376K), 6 survivors (6144K)
 Metaspace       used 103685K, capacity 106091K, committed 106316K, reserved 1142784K
  class space    used 12528K, capacity 13364K, committed 13440K, reserved 1048576K
}

