# JRE version: OpenJDK Runtime Environment (11.0.11+9) (build 11.0.11+9-b60-7590822)
# Java VM: OpenJDK 64-Bit Server VM (11.0.11+9-b60-7590822, mixed mode, tiered, compressed oops, g1 gc, windows-amd64)
Heap:
 garbage-first heap   total 225280K, used 133176K [0x0000000080000000, 0x0000000100000000)
  region size 1024K, 26 young (26624K), 5 survivors (5120K)
 Metaspace       used 104114K, capacity 106753K, committed 106880K, reserved 1142784K
  class space    used 12948K, capacity 13880K, committed 13952K, reserved 1048576K
GC Heap History (20 events):
Event: 428.562 GC heap before
{Heap before GC invocations=22 (full 0):
 garbage-first heap   total 225280K, used 166333K [0x0000000080000000, 0x0000000100000000)
  region size 1024K, 82 young (83968K), 9 survivors (9216K)
 Metaspace       used 89485K, capacity 91796K, committed 91904K, reserved 1128448K
  class space    used 11400K, capacity 12193K, committed 12288K, reserved 1048576K
}
Event: 428.579 GC heap after
{Heap after GC invocations=23 (full 0):
 garbage-first heap   total 225280K, used 97169K [0x0000000080000000, 0x0000000100000000)
  region size 1024K, 11 young (11264K), 11 survivors (11264K)
 Metaspace       used 89485K, capacity 91796K, committed 91904K, reserved 1128448K
  class space    used 11400K, capacity 12193K, committed 12288K, reserved 1048576K
}
Event: 433.764 GC heap before
{Heap before GC invocations=23 (full 0):
 garbage-first heap   total 225280K, used 172945K [0x0000000080000000, 0x0000000100000000)
  region size 1024K, 84 young (86016K), 11 survivors (11264K)
 Metaspace       used 96966K, capacity 99388K, committed 99456K, reserved 1136640K
  class space    used 12318K, capacity 13171K, committed 13184K, reserved 1048576K
}
Event: 433.786 GC heap after
{Heap after GC invocations=24 (full 0):
 garbage-first heap   total 225280K, used 105666K [0x0000000080000000, 0x0000000100000000)
  region size 1024K, 11 young (11264K), 11 survivors (11264K)
 Metaspace       used 96966K, capacity 99388K, committed 99456K, reserved 1136640K
  class space    used 12318K, capacity 13171K, committed 13184K, reserved 1048576K
}
Event: 437.740 GC heap before
{Heap before GC invocations=24 (full 0):
 garbage-first heap   total 225280K, used 175298K [0x0000000080000000, 0x0000000100000000)
  region size 1024K, 80 young (81920K), 11 survivors (11264K)
 Metaspace       used 102066K, capacity 104707K, committed 104960K, reserved 1140736K
  class space    used 12870K, capacity 13780K, committed 13824K, reserved 1048576K
}
Event: 437.761 GC heap after
{Heap after GC invocations=25 (full 0):
 garbage-first heap   total 225280K, used 106920K [0x0000000080000000, 0x0000000100000000)
  region size 1024K, 6 young (6144K), 6 survivors (6144K)
 Metaspace       used 102066K, capacity 104707K, committed 104960K, reserved 1140736K
  class space    used 12870K, capacity 13780K, committed 13824K, reserved 1048576K
}
Event: 439.757 GC heap before
{Heap before GC invocations=25 (full 0):
 garbage-first heap   total 225280K, used 177576K [0x0000000080000000, 0x0000000100000000)
  region size 1024K, 76 young (77824K), 6 survivors (6144K)
 Metaspace       used 103412K, capacity 106057K, committed 106368K, reserved 1142784K
  class space    used 12921K, capacity 13834K, committed 13952K, reserved 1048576K
}
Event: 439.764 GC heap after
{Heap after GC invocations=26 (full 0):
 garbage-first heap   total 225280K, used 105346K [0x0000000080000000, 0x0000000100000000)
  region size 1024K, 4 young (4096K), 4 survivors (4096K)
 Metaspace       used 103412K, capacity 106057K, committed 106368K, reserved 1142784K
  class space    used 12921K, capacity 13834K, committed 13952K, reserved 1048576K
}
Event: 440.210 GC heap before
{Heap before GC invocations=26 (full 0):
 garbage-first heap   total 225280K, used 182146K [0x0000000080000000, 0x0000000100000000)
  region size 1024K, 79 young (80896K), 4 survivors (4096K)
 Metaspace       used 103653K, capacity 106271K, committed 106624K, reserved 1142784K
  class space    used 12928K, capacity 13836K, committed 13952K, reserved 1048576K
}
Event: 440.216 GC heap after
{Heap after GC invocations=27 (full 0):
 garbage-first heap   total 225280K, used 106199K [0x0000000080000000, 0x0000000100000000)
  region size 1024K, 5 young (5120K), 5 survivors (5120K)
 Metaspace       used 103653K, capacity 106271K, committed 106624K, reserved 1142784K
  class space    used 12928K, capacity 13836K, committed 13952K, reserved 1048576K
}
Event: 440.942 GC heap before
{Heap before GC invocations=27 (full 0):
 garbage-first heap   total 225280K, used 184023K [0x0000000080000000, 0x0000000100000000)
  region size 1024K, 81 young (82944K), 5 survivors (5120K)
 Metaspace       used 103795K, capacity 106420K, committed 106624K, reserved 1142784K
  class space    used 12931K, capacity 13842K, committed 13952K, reserved 1048576K
}
Event: 440.950 GC heap after
{Heap after GC invocations=28 (full 0):
 garbage-first heap   total 225280K, used 107094K [0x0000000080000000, 0x0000000100000000)
  region size 1024K, 6 young (6144K), 6 survivors (6144K)
 Metaspace       used 103795K, capacity 106420K, committed 106624K, reserved 1142784K
  class space    used 12931K, capacity 13842K, committed 13952K, reserved 1048576K
}
Event: 441.309 GC heap before
{Heap before GC invocations=28 (full 0):
 garbage-first heap   total 225280K, used 183894K [0x0000000080000000, 0x0000000100000000)
  region size 1024K, 82 young (83968K), 6 survivors (6144K)
 Metaspace       used 103888K, capacity 106506K, committed 106624K, reserved 1142784K
  class space    used 12934K, capacity 13846K, committed 13952K, reserved 1048576K
}
Event: 441.316 GC heap after
{Heap after GC invocations=29 (full 0):
 garbage-first heap   total 225280K, used 106720K [0x0000000080000000, 0x0000000100000000)
  region size 1024K, 6 young (6144K), 6 survivors (6144K)
 Metaspace       used 103888K, capacity 106506K, committed 106624K, reserved 1142784K
  class space    used 12934K, capacity 13846K, committed 13952K, reserved 1048576K
}
Event: 441.836 GC heap before
{Heap before GC invocations=29 (full 0):
 garbage-first heap   total 225280K, used 184544K [0x0000000080000000, 0x0000000100000000)
  region size 1024K, 83 young (84992K), 6 survivors (6144K)
 Metaspace       used 103962K, capacity 106582K, committed 106880K, reserved 1142784K
  class space    used 12934K, capacity 13846K, committed 13952K, reserved 1048576K
}
Event: 441.846 GC heap after
{Heap after GC invocations=30 (full 0):
 garbage-first heap   total 225280K, used 112531K [0x0000000080000000, 0x0000000100000000)
  region size 1024K, 11 young (11264K), 11 survivors (11264K)
 Metaspace       used 103962K, capacity 106582K, committed 106880K, reserved 1142784K
  class space    used 12934K, capacity 13846K, committed 13952K, reserved 1048576K
}
Event: 442.157 GC heap before
{Heap before GC invocations=30 (full 0):
 garbage-first heap   total 225280K, used 187283K [0x0000000080000000, 0x0000000100000000)
  region size 1024K, 85 young (87040K), 11 survivors (11264K)
 Metaspace       used 104070K, capacity 106687K, committed 106880K, reserved 1142784K
  class space    used 12948K, capacity 13880K, committed 13952K, reserved 1048576K
}
Event: 442.173 GC heap after
{Heap after GC invocations=31 (full 0):
 garbage-first heap   total 225280K, used 113628K [0x0000000080000000, 0x0000000100000000)
  region size 1024K, 5 young (5120K), 5 survivors (5120K)
 Metaspace       used 104070K, capacity 106687K, committed 106880K, reserved 1142784K
  class space    used 12948K, capacity 13880K, committed 13952K, reserved 1048576K
}
Event: 442.478 GC heap before
{Heap before GC invocations=31 (full 0):
 garbage-first heap   total 225280K, used 187356K [0x0000000080000000, 0x0000000100000000)
  region size 1024K, 77 young (78848K), 5 survivors (5120K)
 Metaspace       used 104095K, capacity 106753K, committed 106880K, reserved 1142784K
  class space    used 12948K, capacity 13880K, committed 13952K, reserved 1048576K
}
Event: 442.486 GC heap after
{Heap after GC invocations=32 (full 0):
 garbage-first heap   total 225280K, used 113720K [0x0000000080000000, 0x0000000100000000)
  region size 1024K, 5 young (5120K), 5 survivors (5120K)
 Metaspace       used 104095K, capacity 106753K, committed 106880K, reserved 1142784K
  class space    used 12948K, capacity 13880K, committed 13952K, reserved 1048576K
}

