# JRE version: OpenJDK Runtime Environment (11.0.11+9) (build 11.0.11+9-b60-7590822)
# Java VM: OpenJDK 64-Bit Server VM (11.0.11+9-b60-7590822, mixed mode, tiered, compressed oops, g1 gc, windows-amd64)
Heap:
 garbage-first heap   total 392192K, used 202615K [0x0000000080000000, 0x0000000100000000)
  region size 1024K, 32 young (32768K), 19 survivors (19456K)
 Metaspace       used 106015K, capacity 108570K, committed 108876K, reserved 1144832K
  class space    used 12781K, capacity 13652K, committed 13696K, reserved 1048576K
GC Heap History (20 events):
Event: 97.560 GC heap before
{Heap before GC invocations=88 (full 0):
 garbage-first heap   total 324608K, used 274215K [0x0000000080000000, 0x0000000100000000)
  region size 1024K, 163 young (166912K), 4 survivors (4096K)
 Metaspace       used 105596K, capacity 108107K, committed 108364K, reserved 1144832K
  class space    used 12719K, capacity 13585K, committed 13696K, reserved 1048576K
}
Event: 97.565 GC heap after
{Heap after GC invocations=89 (full 0):
 garbage-first heap   total 324608K, used 112584K [0x0000000080000000, 0x0000000100000000)
  region size 1024K, 5 young (5120K), 5 survivors (5120K)
 Metaspace       used 105596K, capacity 108107K, committed 108364K, reserved 1144832K
  class space    used 12719K, capacity 13585K, committed 13696K, reserved 1048576K
}
Event: 98.069 GC heap before
{Heap before GC invocations=89 (full 0):
 garbage-first heap   total 324608K, used 277448K [0x0000000080000000, 0x0000000100000000)
  region size 1024K, 166 young (169984K), 5 survivors (5120K)
 Metaspace       used 105608K, capacity 108107K, committed 108364K, reserved 1144832K
  class space    used 12719K, capacity 13585K, committed 13696K, reserved 1048576K
}
Event: 98.074 GC heap after
{Heap after GC invocations=90 (full 0):
 garbage-first heap   total 324608K, used 112679K [0x0000000080000000, 0x0000000100000000)
  region size 1024K, 5 young (5120K), 5 survivors (5120K)
 Metaspace       used 105608K, capacity 108107K, committed 108364K, reserved 1144832K
  class space    used 12719K, capacity 13585K, committed 13696K, reserved 1048576K
}
Event: 98.578 GC heap before
{Heap before GC invocations=90 (full 0):
 garbage-first heap   total 324608K, used 279591K [0x0000000080000000, 0x0000000100000000)
  region size 1024K, 168 young (172032K), 5 survivors (5120K)
 Metaspace       used 105610K, capacity 108107K, committed 108364K, reserved 1144832K
  class space    used 12719K, capacity 13585K, committed 13696K, reserved 1048576K
}
Event: 98.587 GC heap after
{Heap after GC invocations=91 (full 0):
 garbage-first heap   total 324608K, used 113931K [0x0000000080000000, 0x0000000100000000)
  region size 1024K, 6 young (6144K), 6 survivors (6144K)
 Metaspace       used 105610K, capacity 108107K, committed 108364K, reserved 1144832K
  class space    used 12719K, capacity 13585K, committed 13696K, reserved 1048576K
}
Event: 99.059 GC heap before
{Heap before GC invocations=91 (full 0):
 garbage-first heap   total 324608K, used 280843K [0x0000000080000000, 0x0000000100000000)
  region size 1024K, 169 young (173056K), 6 survivors (6144K)
 Metaspace       used 105615K, capacity 108107K, committed 108364K, reserved 1144832K
  class space    used 12719K, capacity 13585K, committed 13696K, reserved 1048576K
}
Event: 99.068 GC heap after
{Heap after GC invocations=92 (full 0):
 garbage-first heap   total 324608K, used 115087K [0x0000000080000000, 0x0000000100000000)
  region size 1024K, 7 young (7168K), 7 survivors (7168K)
 Metaspace       used 105615K, capacity 108107K, committed 108364K, reserved 1144832K
  class space    used 12719K, capacity 13585K, committed 13696K, reserved 1048576K
}
Event: 99.547 GC heap before
{Heap before GC invocations=92 (full 0):
 garbage-first heap   total 324608K, used 281999K [0x0000000080000000, 0x0000000100000000)
  region size 1024K, 170 young (174080K), 7 survivors (7168K)
 Metaspace       used 105618K, capacity 108107K, committed 108364K, reserved 1144832K
  class space    used 12719K, capacity 13585K, committed 13696K, reserved 1048576K
}
Event: 99.560 GC heap after
{Heap after GC invocations=93 (full 0):
 garbage-first heap   total 324608K, used 115377K [0x0000000080000000, 0x0000000100000000)
  region size 1024K, 7 young (7168K), 7 survivors (7168K)
 Metaspace       used 105618K, capacity 108107K, committed 108364K, reserved 1144832K
  class space    used 12719K, capacity 13585K, committed 13696K, reserved 1048576K
}
Event: 100.040 GC heap before
{Heap before GC invocations=93 (full 0):
 garbage-first heap   total 324608K, used 283313K [0x0000000080000000, 0x0000000100000000)
  region size 1024K, 171 young (175104K), 7 survivors (7168K)
 Metaspace       used 105618K, capacity 108107K, committed 108364K, reserved 1144832K
  class space    used 12719K, capacity 13585K, committed 13696K, reserved 1048576K
}
Event: 100.057 GC heap after
{Heap after GC invocations=94 (full 0):
 garbage-first heap   total 324608K, used 118432K [0x0000000080000000, 0x0000000100000000)
  region size 1024K, 10 young (10240K), 10 survivors (10240K)
 Metaspace       used 105618K, capacity 108107K, committed 108364K, reserved 1144832K
  class space    used 12719K, capacity 13585K, committed 13696K, reserved 1048576K
}
Event: 100.518 GC heap before
{Heap before GC invocations=94 (full 0):
 garbage-first heap   total 324608K, used 281248K [0x0000000080000000, 0x0000000100000000)
  region size 1024K, 169 young (173056K), 10 survivors (10240K)
 Metaspace       used 105627K, capacity 108107K, committed 108364K, reserved 1144832K
  class space    used 12719K, capacity 13585K, committed 13696K, reserved 1048576K
}
Event: 100.528 GC heap after
{Heap after GC invocations=95 (full 0):
 garbage-first heap   total 324608K, used 117280K [0x0000000080000000, 0x0000000100000000)
  region size 1024K, 9 young (9216K), 9 survivors (9216K)
 Metaspace       used 105627K, capacity 108107K, committed 108364K, reserved 1144832K
  class space    used 12719K, capacity 13585K, committed 13696K, reserved 1048576K
}
Event: 101.536 GC heap before
{Heap before GC invocations=95 (full 0):
 garbage-first heap   total 324608K, used 281120K [0x0000000080000000, 0x0000000100000000)
  region size 1024K, 170 young (174080K), 9 survivors (9216K)
 Metaspace       used 105630K, capacity 108107K, committed 108364K, reserved 1144832K
  class space    used 12719K, capacity 13585K, committed 13696K, reserved 1048576K
}
Event: 101.553 GC heap after
{Heap after GC invocations=96 (full 0):
 garbage-first heap   total 324608K, used 119473K [0x0000000080000000, 0x0000000100000000)
  region size 1024K, 11 young (11264K), 11 survivors (11264K)
 Metaspace       used 105630K, capacity 108107K, committed 108364K, reserved 1144832K
  class space    used 12719K, capacity 13585K, committed 13696K, reserved 1048576K
}
Event: 102.973 GC heap before
{Heap before GC invocations=96 (full 0):
 garbage-first heap   total 324608K, used 285361K [0x0000000080000000, 0x0000000100000000)
  region size 1024K, 168 young (172032K), 11 survivors (11264K)
 Metaspace       used 105660K, capacity 108174K, committed 108364K, reserved 1144832K
  class space    used 12720K, capacity 13586K, committed 13696K, reserved 1048576K
}
Event: 103.013 GC heap after
{Heap after GC invocations=97 (full 0):
 garbage-first heap   total 324608K, used 138673K [0x0000000080000000, 0x0000000100000000)
  region size 1024K, 21 young (21504K), 21 survivors (21504K)
 Metaspace       used 105660K, capacity 108174K, committed 108364K, reserved 1144832K
  class space    used 12720K, capacity 13586K, committed 13696K, reserved 1048576K
}
Event: 103.810 GC heap before
{Heap before GC invocations=97 (full 0):
 garbage-first heap   total 324608K, used 276913K [0x0000000080000000, 0x0000000100000000)
  region size 1024K, 145 young (148480K), 21 survivors (21504K)
 Metaspace       used 105680K, capacity 108174K, committed 108364K, reserved 1144832K
  class space    used 12720K, capacity 13586K, committed 13696K, reserved 1048576K
}
Event: 103.891 GC heap after
{Heap after GC invocations=98 (full 0):
 garbage-first heap   total 392192K, used 174967K [0x0000000080000000, 0x0000000100000000)
  region size 1024K, 19 young (19456K), 19 survivors (19456K)
 Metaspace       used 105680K, capacity 108174K, committed 108364K, reserved 1144832K
  class space    used 12720K, capacity 13586K, committed 13696K, reserved 1048576K
}

