# JRE version: OpenJDK Runtime Environment (11.0.11+9) (build 11.0.11+9-b60-7590822)
# Java VM: OpenJDK 64-Bit Server VM (11.0.11+9-b60-7590822, mixed mode, tiered, compressed oops, g1 gc, windows-amd64)
Heap:
 garbage-first heap   total 225280K, used 138631K [0x0000000080000000, 0x0000000100000000)
  region size 1024K, 69 young (70656K), 7 survivors (7168K)
 Metaspace       used 75440K, capacity 77316K, committed 77440K, reserved 1116160K
  class space    used 9640K, capacity 10272K, committed 10368K, reserved 1048576K
GC Heap History (20 events):
Event: 2.577 GC heap before
{Heap before GC invocations=4 (full 0):
 garbage-first heap   total 129024K, used 34823K [0x0000000080000000, 0x0000000100000000)
  region size 1024K, 23 young (23552K), 3 survivors (3072K)
 Metaspace       used 20786K, capacity 21163K, committed 21248K, reserved 1067008K
  class space    used 2604K, capacity 2751K, committed 2816K, reserved 1048576K
}
Event: 2.585 GC heap after
{Heap after GC invocations=5 (full 0):
 garbage-first heap   total 155648K, used 16426K [0x0000000080000000, 0x0000000100000000)
  region size 1024K, 4 young (4096K), 4 survivors (4096K)
 Metaspace       used 20786K, capacity 21163K, committed 21248K, reserved 1067008K
  class space    used 2604K, capacity 2751K, committed 2816K, reserved 1048576K
}
Event: 3.592 GC heap before
{Heap before GC invocations=6 (full 0):
 garbage-first heap   total 155648K, used 72746K [0x0000000080000000, 0x0000000100000000)
  region size 1024K, 57 young (58368K), 4 survivors (4096K)
 Metaspace       used 31345K, capacity 31847K, committed 32000K, reserved 1077248K
  class space    used 3875K, capacity 4094K, committed 4096K, reserved 1048576K
}
Event: 3.599 GC heap after
{Heap after GC invocations=7 (full 0):
 garbage-first heap   total 155648K, used 20346K [0x0000000080000000, 0x0000000100000000)
  region size 1024K, 8 young (8192K), 8 survivors (8192K)
 Metaspace       used 31345K, capacity 31847K, committed 32000K, reserved 1077248K
  class space    used 3875K, capacity 4094K, committed 4096K, reserved 1048576K
}
Event: 4.055 GC heap before
{Heap before GC invocations=7 (full 0):
 garbage-first heap   total 155648K, used 51066K [0x0000000080000000, 0x0000000100000000)
  region size 1024K, 39 young (39936K), 8 survivors (8192K)
 Metaspace       used 35261K, capacity 35797K, committed 35840K, reserved 1081344K
  class space    used 4394K, capacity 4596K, committed 4608K, reserved 1048576K
}
Event: 4.065 GC heap after
{Heap after GC invocations=8 (full 0):
 garbage-first heap   total 155648K, used 21980K [0x0000000080000000, 0x0000000100000000)
  region size 1024K, 6 young (6144K), 6 survivors (6144K)
 Metaspace       used 35261K, capacity 35797K, committed 35840K, reserved 1081344K
  class space    used 4394K, capacity 4596K, committed 4608K, reserved 1048576K
}
Event: 5.006 GC heap before
{Heap before GC invocations=9 (full 0):
 garbage-first heap   total 155648K, used 89564K [0x0000000080000000, 0x0000000100000000)
  region size 1024K, 72 young (73728K), 6 survivors (6144K)
 Metaspace       used 40509K, capacity 41203K, committed 41344K, reserved 1085440K
  class space    used 5188K, capacity 5419K, committed 5504K, reserved 1048576K
}
Event: 5.016 GC heap after
{Heap after GC invocations=10 (full 0):
 garbage-first heap   total 155648K, used 24058K [0x0000000080000000, 0x0000000100000000)
  region size 1024K, 4 young (4096K), 4 survivors (4096K)
 Metaspace       used 40509K, capacity 41203K, committed 41344K, reserved 1085440K
  class space    used 5188K, capacity 5419K, committed 5504K, reserved 1048576K
}
Event: 6.289 GC heap before
{Heap before GC invocations=10 (full 0):
 garbage-first heap   total 155648K, used 105978K [0x0000000080000000, 0x0000000100000000)
  region size 1024K, 83 young (84992K), 4 survivors (4096K)
 Metaspace       used 50548K, capacity 51564K, committed 51840K, reserved 1093632K
  class space    used 6384K, capacity 6741K, committed 6784K, reserved 1048576K
}
Event: 6.314 GC heap after
{Heap after GC invocations=11 (full 0):
 garbage-first heap   total 187392K, used 38476K [0x0000000080000000, 0x0000000100000000)
  region size 1024K, 11 young (11264K), 11 survivors (11264K)
 Metaspace       used 50548K, capacity 51564K, committed 51840K, reserved 1093632K
  class space    used 6384K, capacity 6741K, committed 6784K, reserved 1048576K
}
Event: 7.513 GC heap before
{Heap before GC invocations=11 (full 0):
 garbage-first heap   total 187392K, used 111180K [0x0000000080000000, 0x0000000100000000)
  region size 1024K, 82 young (83968K), 11 survivors (11264K)
 Metaspace       used 58710K, capacity 59947K, committed 60160K, reserved 1101824K
  class space    used 7480K, capacity 7936K, committed 7936K, reserved 1048576K
}
Event: 7.539 GC heap after
{Heap after GC invocations=12 (full 0):
 garbage-first heap   total 187392K, used 44523K [0x0000000080000000, 0x0000000100000000)
  region size 1024K, 7 young (7168K), 7 survivors (7168K)
 Metaspace       used 58710K, capacity 59947K, committed 60160K, reserved 1101824K
  class space    used 7480K, capacity 7936K, committed 7936K, reserved 1048576K
}
Event: 8.844 GC heap before
{Heap before GC invocations=13 (full 0):
 garbage-first heap   total 187392K, used 124395K [0x0000000080000000, 0x0000000100000000)
  region size 1024K, 85 young (87040K), 7 survivors (7168K)
 Metaspace       used 65383K, capacity 66806K, committed 66944K, reserved 1107968K
  class space    used 8488K, capacity 8977K, committed 9088K, reserved 1048576K
}
Event: 8.858 GC heap after
{Heap after GC invocations=14 (full 0):
 garbage-first heap   total 187392K, used 50059K [0x0000000080000000, 0x0000000100000000)
  region size 1024K, 6 young (6144K), 6 survivors (6144K)
 Metaspace       used 65383K, capacity 66806K, committed 66944K, reserved 1107968K
  class space    used 8488K, capacity 8977K, committed 9088K, reserved 1048576K
}
Event: 12.922 GC heap before
{Heap before GC invocations=14 (full 0):
 garbage-first heap   total 187392K, used 130955K [0x0000000080000000, 0x0000000100000000)
  region size 1024K, 86 young (88064K), 6 survivors (6144K)
 Metaspace       used 69046K, capacity 70778K, committed 70784K, reserved 1110016K
  class space    used 8985K, capacity 9594K, committed 9600K, reserved 1048576K
}
Event: 12.942 GC heap after
{Heap after GC invocations=15 (full 0):
 garbage-first heap   total 187392K, used 56320K [0x0000000080000000, 0x0000000100000000)
  region size 1024K, 11 young (11264K), 11 survivors (11264K)
 Metaspace       used 69046K, capacity 70778K, committed 70784K, reserved 1110016K
  class space    used 8985K, capacity 9594K, committed 9600K, reserved 1048576K
}
Event: 15.766 GC heap before
{Heap before GC invocations=15 (full 0):
 garbage-first heap   total 187392K, used 137216K [0x0000000080000000, 0x0000000100000000)
  region size 1024K, 90 young (92160K), 11 survivors (11264K)
 Metaspace       used 70447K, capacity 72161K, committed 72192K, reserved 1112064K
  class space    used 9096K, capacity 9704K, committed 9728K, reserved 1048576K
}
Event: 15.791 GC heap after
{Heap after GC invocations=16 (full 0):
 garbage-first heap   total 225280K, used 67561K [0x0000000080000000, 0x0000000100000000)
  region size 1024K, 12 young (12288K), 12 survivors (12288K)
 Metaspace       used 70447K, capacity 72161K, committed 72192K, reserved 1112064K
  class space    used 9096K, capacity 9704K, committed 9728K, reserved 1048576K
}
Event: 27.843 GC heap before
{Heap before GC invocations=16 (full 0):
 garbage-first heap   total 225280K, used 165865K [0x0000000080000000, 0x0000000100000000)
  region size 1024K, 98 young (100352K), 12 survivors (12288K)
 Metaspace       used 72185K, capacity 73957K, committed 74240K, reserved 1114112K
  class space    used 9248K, capacity 9877K, committed 9984K, reserved 1048576K
}
Event: 27.870 GC heap after
{Heap after GC invocations=17 (full 0):
 garbage-first heap   total 225280K, used 75143K [0x0000000080000000, 0x0000000100000000)
  region size 1024K, 7 young (7168K), 7 survivors (7168K)
 Metaspace       used 72185K, capacity 73957K, committed 74240K, reserved 1114112K
  class space    used 9248K, capacity 9877K, committed 9984K, reserved 1048576K
}

