# JRE version: OpenJDK Runtime Environment (11.0.11+9) (build 11.0.11+9-b60-7590822)
# Java VM: OpenJDK 64-Bit Server VM (11.0.11+9-b60-7590822, mixed mode, tiered, compressed oops, g1 gc, windows-amd64)
Heap:
 garbage-first heap   total 334848K, used 221553K [0x0000000080000000, 0x0000000100000000)
  region size 1024K, 76 young (77824K), 5 survivors (5120K)
 Metaspace       used 99902K, capacity 102295K, committed 102476K, reserved 1138688K
  class space    used 12256K, capacity 13059K, committed 13184K, reserved 1048576K
GC Heap History (20 events):
Event: 57.445 GC heap before
{Heap before GC invocations=62 (full 0):
 garbage-first heap   total 334848K, used 285789K [0x0000000080000000, 0x0000000100000000)
  region size 1024K, 142 young (145408K), 6 survivors (6144K)
 Metaspace       used 99487K, capacity 101854K, committed 102092K, reserved 1138688K
  class space    used 12230K, capacity 13045K, committed 13056K, reserved 1048576K
}
Event: 57.453 GC heap after
{Heap after GC invocations=63 (full 0):
 garbage-first heap   total 334848K, used 146063K [0x0000000080000000, 0x0000000100000000)
  region size 1024K, 6 young (6144K), 6 survivors (6144K)
 Metaspace       used 99487K, capacity 101854K, committed 102092K, reserved 1138688K
  class space    used 12230K, capacity 13045K, committed 13056K, reserved 1048576K
}
Event: 58.042 GC heap before
{Heap before GC invocations=63 (full 0):
 garbage-first heap   total 334848K, used 286351K [0x0000000080000000, 0x0000000100000000)
  region size 1024K, 143 young (146432K), 6 survivors (6144K)
 Metaspace       used 99493K, capacity 101856K, committed 102092K, reserved 1138688K
  class space    used 12230K, capacity 13045K, committed 13056K, reserved 1048576K
}
Event: 58.051 GC heap after
{Heap after GC invocations=64 (full 0):
 garbage-first heap   total 334848K, used 146833K [0x0000000080000000, 0x0000000100000000)
  region size 1024K, 7 young (7168K), 7 survivors (7168K)
 Metaspace       used 99493K, capacity 101856K, committed 102092K, reserved 1138688K
  class space    used 12230K, capacity 13045K, committed 13056K, reserved 1048576K
}
Event: 58.944 GC heap before
{Heap before GC invocations=64 (full 0):
 garbage-first heap   total 334848K, used 288145K [0x0000000080000000, 0x0000000100000000)
  region size 1024K, 145 young (148480K), 7 survivors (7168K)
 Metaspace       used 99507K, capacity 101865K, committed 102092K, reserved 1138688K
  class space    used 12231K, capacity 13048K, committed 13056K, reserved 1048576K
}
Event: 58.952 GC heap after
{Heap after GC invocations=65 (full 0):
 garbage-first heap   total 334848K, used 147593K [0x0000000080000000, 0x0000000100000000)
  region size 1024K, 7 young (7168K), 7 survivors (7168K)
 Metaspace       used 99507K, capacity 101865K, committed 102092K, reserved 1138688K
  class space    used 12231K, capacity 13048K, committed 13056K, reserved 1048576K
}
Event: 59.581 GC heap before
{Heap before GC invocations=65 (full 0):
 garbage-first heap   total 334848K, used 290953K [0x0000000080000000, 0x0000000100000000)
  region size 1024K, 147 young (150528K), 7 survivors (7168K)
 Metaspace       used 99509K, capacity 101866K, committed 102092K, reserved 1138688K
  class space    used 12231K, capacity 13048K, committed 13056K, reserved 1048576K
}
Event: 59.593 GC heap after
{Heap after GC invocations=66 (full 0):
 garbage-first heap   total 334848K, used 148240K [0x0000000080000000, 0x0000000100000000)
  region size 1024K, 8 young (8192K), 8 survivors (8192K)
 Metaspace       used 99509K, capacity 101866K, committed 102092K, reserved 1138688K
  class space    used 12231K, capacity 13048K, committed 13056K, reserved 1048576K
}
Event: 60.059 GC heap before
{Heap before GC invocations=66 (full 0):
 garbage-first heap   total 334848K, used 290576K [0x0000000080000000, 0x0000000100000000)
  region size 1024K, 147 young (150528K), 8 survivors (8192K)
 Metaspace       used 99511K, capacity 101867K, committed 102092K, reserved 1138688K
  class space    used 12231K, capacity 13048K, committed 13056K, reserved 1048576K
}
Event: 60.069 GC heap after
{Heap after GC invocations=67 (full 0):
 garbage-first heap   total 334848K, used 149321K [0x0000000080000000, 0x0000000100000000)
  region size 1024K, 9 young (9216K), 9 survivors (9216K)
 Metaspace       used 99511K, capacity 101867K, committed 102092K, reserved 1138688K
  class space    used 12231K, capacity 13048K, committed 13056K, reserved 1048576K
}
Event: 60.619 GC heap before
{Heap before GC invocations=67 (full 0):
 garbage-first heap   total 334848K, used 290633K [0x0000000080000000, 0x0000000100000000)
  region size 1024K, 147 young (150528K), 9 survivors (9216K)
 Metaspace       used 99587K, capacity 101939K, committed 102092K, reserved 1138688K
  class space    used 12245K, capacity 13050K, committed 13056K, reserved 1048576K
}
Event: 60.629 GC heap after
{Heap after GC invocations=68 (full 0):
 garbage-first heap   total 334848K, used 149819K [0x0000000080000000, 0x0000000100000000)
  region size 1024K, 9 young (9216K), 9 survivors (9216K)
 Metaspace       used 99587K, capacity 101939K, committed 102092K, reserved 1138688K
  class space    used 12245K, capacity 13050K, committed 13056K, reserved 1048576K
}
Event: 61.063 GC heap before
{Heap before GC invocations=68 (full 0):
 garbage-first heap   total 334848K, used 291131K [0x0000000080000000, 0x0000000100000000)
  region size 1024K, 147 young (150528K), 9 survivors (9216K)
 Metaspace       used 99588K, capacity 101939K, committed 102092K, reserved 1138688K
  class space    used 12245K, capacity 13050K, committed 13056K, reserved 1048576K
}
Event: 61.077 GC heap after
{Heap after GC invocations=69 (full 0):
 garbage-first heap   total 334848K, used 152187K [0x0000000080000000, 0x0000000100000000)
  region size 1024K, 11 young (11264K), 11 survivors (11264K)
 Metaspace       used 99588K, capacity 101939K, committed 102092K, reserved 1138688K
  class space    used 12245K, capacity 13050K, committed 13056K, reserved 1048576K
}
Event: 62.143 GC heap before
{Heap before GC invocations=69 (full 0):
 garbage-first heap   total 334848K, used 289403K [0x0000000080000000, 0x0000000100000000)
  region size 1024K, 145 young (148480K), 11 survivors (11264K)
 Metaspace       used 99597K, capacity 101939K, committed 102092K, reserved 1138688K
  class space    used 12245K, capacity 13050K, committed 13056K, reserved 1048576K
}
Event: 62.155 GC heap after
{Heap after GC invocations=70 (full 0):
 garbage-first heap   total 334848K, used 151322K [0x0000000080000000, 0x0000000100000000)
  region size 1024K, 9 young (9216K), 9 survivors (9216K)
 Metaspace       used 99597K, capacity 101939K, committed 102092K, reserved 1138688K
  class space    used 12245K, capacity 13050K, committed 13056K, reserved 1048576K
}
Event: 64.735 GC heap before
{Heap before GC invocations=70 (full 0):
 garbage-first heap   total 334848K, used 290586K [0x0000000080000000, 0x0000000100000000)
  region size 1024K, 146 young (149504K), 9 survivors (9216K)
 Metaspace       used 99726K, capacity 102043K, committed 102092K, reserved 1138688K
  class space    used 12245K, capacity 13050K, committed 13056K, reserved 1048576K
}
Event: 64.747 GC heap after
{Heap after GC invocations=71 (full 0):
 garbage-first heap   total 334848K, used 154422K [0x0000000080000000, 0x0000000100000000)
  region size 1024K, 12 young (12288K), 12 survivors (12288K)
 Metaspace       used 99726K, capacity 102043K, committed 102092K, reserved 1138688K
  class space    used 12245K, capacity 13050K, committed 13056K, reserved 1048576K
}
Event: 68.130 GC heap before
{Heap before GC invocations=71 (full 0):
 garbage-first heap   total 334848K, used 287542K [0x0000000080000000, 0x0000000100000000)
  region size 1024K, 143 young (146432K), 12 survivors (12288K)
 Metaspace       used 99785K, capacity 102074K, committed 102092K, reserved 1138688K
  class space    used 12246K, capacity 13052K, committed 13056K, reserved 1048576K
}
Event: 68.138 GC heap after
{Heap after GC invocations=72 (full 0):
 garbage-first heap   total 334848K, used 148849K [0x0000000080000000, 0x0000000100000000)
  region size 1024K, 5 young (5120K), 5 survivors (5120K)
 Metaspace       used 99785K, capacity 102074K, committed 102092K, reserved 1138688K
  class space    used 12246K, capacity 13052K, committed 13056K, reserved 1048576K
}

